**********************
Windows PowerShell transcript start
Start time: 20220809032205
Username: OSDCODE\david
RunAs User: OSDCODE\david
Configuration Name: 
Machine: OSDCODE (Microsoft Windows NT 10.0.22621.0)
Host Application: C:\Windows\System32\WindowsPowerShell\v1.0\powershell.exe -NoProfile -ExecutionPolicy Bypass -Command Import-Module 'c:\Users\david\.vscode\extensions\ms-vscode.powershell-preview-2022.8.0\modules\PowerShellEditorServices\PowerShellEditorServices.psd1'; Start-EditorServices -HostName 'Visual Studio Code Host' -HostProfileId 'Microsoft.VSCode' -HostVersion '2022.8.0' -AdditionalModules @('PowerShellEditorServices.VSCode') -BundledModulesPath 'c:\Users\david\.vscode\extensions\ms-vscode.powershell-preview-2022.8.0\modules' -EnableConsoleRepl -StartupBanner "PowerShell Preview Extension v2022.8.0
Copyright (c) Microsoft Corporation.

https://aka.ms/vscode-powershell
Type 'help' to get help.
" -LogLevel 'Normal' -LogPath 'c:\Users\david\AppData\Roaming\Code\User\globalStorage\ms-vscode.powershell-preview\logs\1660032074-ed24129c-c90f-4520-8d7d-8b441421d1111660032072595\EditorServices.log' -SessionDetailsPath 'c:\Users\david\AppData\Roaming\Code\User\globalStorage\ms-vscode.powershell-preview\sessions\PSES-VSCode-16556-647378.json' -FeatureFlags @() 
Process ID: 4620
PSVersion: 5.1.22621.169
PSEdition: Desktop
PSCompatibleVersions: 1.0, 2.0, 3.0, 4.0, 5.0, 5.1.22621.169
BuildVersion: 10.0.22621.169
CLRVersion: 4.0.30319.42000
WSManStackVersion: 3.0
PSRemotingProtocolVersion: 2.3
SerializationVersion: 1.1.0.1
**********************
Transcript started, output file is C:\Users\david\OneDrive\GitHub\MyModules\OSD\Catalogs\OSDCatalog\OSDCatalogHPDriverPack.log
VERBOSE: Test-WebConnection OK: http://ftp.hp.com/pub/caps-softpaq/cmit/HPClientDriverPackCatalog.cab
VERBOSE: HEAD with 0-byte payload
VERBOSE: received 184383-byte response of content type application/vnd.ms-cab-compressed
VERBOSE: Source: http://ftp.hp.com/pub/caps-softpaq/cmit/HPClientDriverPackCatalog.cab
VERBOSE: Destination: C:\Users\david\AppData\Local\Temp\OSD\HPClientDriverPackCatalog.cab
VERBOSE: Expand: C:\Users\david\AppData\Local\Temp\OSD\HPClientDriverPackCatalog.cab
VERBOSE: Using Raw Catalog at C:\Users\david\AppData\Local\Temp\OSD\HPClientDriverPackCatalog.xml
VERBOSE: Reading the Raw Catalog at C:\Users\david\AppData\Local\Temp\OSD\HPClientDriverPackCatalog.xml
WARNING: Building Catalog content, please wait ...
VERBOSE: Exporting Build Catalog to C:\Users\david\AppData\Local\Temp\OSD\OSDCatalogHPDriverPack.xml
**********************
Windows PowerShell transcript end
End time: 20220809032312
**********************
