**********************
Windows PowerShell transcript start
Start time: 20220413004718
Username: OSDCODE\David
RunAs User: OSDCODE\David
Configuration Name: 
Machine: OSDCODE (Microsoft Windows NT 10.0.22000.0)
Host Application: C:\Windows\System32\WindowsPowerShell\v1.0\powershell.exe -NoProfile -NonInteractive -ExecutionPolicy Bypass -Command Import-Module 'c:\Users\David\.vscode\extensions\ms-vscode.powershell-2021.12.0\modules\PowerShellEditorServices\PowerShellEditorServices.psd1'; Start-EditorServices -HostName 'Visual Studio Code Host' -HostProfileId 'Microsoft.VSCode' -HostVersion '2021.12.0' -AdditionalModules @('PowerShellEditorServices.VSCode') -BundledModulesPath 'c:\Users\David\.vscode\extensions\ms-vscode.powershell-2021.12.0\modules' -EnableConsoleRepl -StartupBanner '=====> PowerShell Integrated Console v2021.12.0 <=====
' -LogLevel 'Normal' -LogPath 'c:\Users\David\.vscode\extensions\ms-vscode.powershell-2021.12.0\logs\1649810775-88217618-c290-40aa-b036-a2ff9cc02c051649810454613\EditorServices.log' -SessionDetailsPath 'c:\Users\David\.vscode\extensions\ms-vscode.powershell-2021.12.0\sessions\PSES-VSCode-12184-821827' -FeatureFlags @() 
Process ID: 10068
PSVersion: 5.1.22000.282
PSEdition: Desktop
PSCompatibleVersions: 1.0, 2.0, 3.0, 4.0, 5.0, 5.1.22000.282
BuildVersion: 10.0.22000.282
CLRVersion: 4.0.30319.42000
WSManStackVersion: 3.0
PSRemotingProtocolVersion: 2.3
SerializationVersion: 1.1.0.1
**********************
Transcript started, output file is D:\GitHub\MyModules\OSD\Catalogs\OSDCatalog\OSDCatalogLenovoDriverPack.log
VERBOSE: Build Catalog already created at C:\Users\David\AppData\Local\Temp\OSD\OSDCatalogLenovoDriverPack.xml
VERBOSE: GET with 0-byte payload
VERBOSE: received 293315-byte response of content type text/xml
VERBOSE: Cloud Catalog https://download.lenovo.com/cdrt/td/catalogv2.xml
VERBOSE: Saving Cloud Catalog to C:\Users\David\AppData\Local\Temp\OSD\catalogv2.xml
VERBOSE: Catalog saved to C:\Users\David\AppData\Local\Temp\OSD\catalogv2.xml
VERBOSE: Reading the Raw Catalog at C:\Users\David\AppData\Local\Temp\OSD\catalogv2.xml
VERBOSE: Exporting Build Catalog to C:\Users\David\AppData\Local\Temp\OSD\OSDCatalogLenovoDriverPack.xml
**********************
Windows PowerShell transcript end
End time: 20220413004719
**********************
