**********************
Windows PowerShell transcript start
Start time: 20220420013449
Username: OSDCODE\David
RunAs User: OSDCODE\David
Configuration Name: 
Machine: OSDCODE (Microsoft Windows NT 10.0.22000.0)
Host Application: C:\Windows\System32\WindowsPowerShell\v1.0\powershell.exe -NoProfile -NonInteractive -ExecutionPolicy Bypass -Command Import-Module 'c:\Users\David\.vscode\extensions\ms-vscode.powershell-2021.12.0\modules\PowerShellEditorServices\PowerShellEditorServices.psd1'; Start-EditorServices -HostName 'Visual Studio Code Host' -HostProfileId 'Microsoft.VSCode' -HostVersion '2021.12.0' -AdditionalModules @('PowerShellEditorServices.VSCode') -BundledModulesPath 'c:\Users\David\.vscode\extensions\ms-vscode.powershell-2021.12.0\modules' -EnableConsoleRepl -StartupBanner '=====> PowerShell Integrated Console v2021.12.0 <=====
' -LogLevel 'Normal' -LogPath 'c:\Users\David\.vscode\extensions\ms-vscode.powershell-2021.12.0\logs\1650436289-0d39a529-e8b8-4f05-a557-1d0a8eb945ab1650436282109\EditorServices.log' -SessionDetailsPath 'c:\Users\David\.vscode\extensions\ms-vscode.powershell-2021.12.0\sessions\PSES-VSCode-9724-317634' -FeatureFlags @() 
Process ID: 7596
PSVersion: 5.1.22000.613
PSEdition: Desktop
PSCompatibleVersions: 1.0, 2.0, 3.0, 4.0, 5.0, 5.1.22000.613
BuildVersion: 10.0.22000.613
CLRVersion: 4.0.30319.42000
WSManStackVersion: 3.0
PSRemotingProtocolVersion: 2.3
SerializationVersion: 1.1.0.1
**********************
Transcript started, output file is D:\GitHub\MyModules\OSD\Catalogs\OSDCatalog\OSDCatalogDellDriverPack.log
VERBOSE: Build Catalog already created at C:\Users\David\AppData\Local\Temp\OSD\OSDCatalogDellDriverPack.xml
VERBOSE: Removing previous Build Catalog
VERBOSE: Test-WebConnection OK: https://downloads.dell.com/catalog/DriverPackCatalog.cab
VERBOSE: HEAD with 0-byte payload
VERBOSE: received 154534-byte response of content type application/vnd.ms-cab-compressed
VERBOSE: Source: https://downloads.dell.com/catalog/DriverPackCatalog.cab
VERBOSE: Destination: C:\Users\David\AppData\Local\Temp\OSD\DriverPackCatalog.cab
VERBOSE: Expand: C:\Users\David\AppData\Local\Temp\OSD\DriverPackCatalog.cab
VERBOSE: Using Raw Catalog at C:\Users\David\AppData\Local\Temp\OSD\DriverPackCatalog.xml
VERBOSE: Reading the Raw Catalog at C:\Users\David\AppData\Local\Temp\OSD\DriverPackCatalog.xml
VERBOSE: Exporting Build Catalog to C:\Users\David\AppData\Local\Temp\OSD\OSDCatalogDellDriverPack.xml
**********************
Windows PowerShell transcript end
End time: 20220420013452
**********************
