**********************
Windows PowerShell transcript start
Start time: 20220521230541
Username: OSDCODE\David
RunAs User: OSDCODE\David
Configuration Name: 
Machine: OSDCODE (Microsoft Windows NT 10.0.22000.0)
Host Application: C:\Windows\System32\WindowsPowerShell\v1.0\powershell.exe -NoProfile -ExecutionPolicy Bypass -Command Import-Module 'c:\Users\David\.vscode\extensions\ms-vscode.powershell-2022.5.1\modules\PowerShellEditorServices\PowerShellEditorServices.psd1'; Start-EditorServices -HostName 'Visual Studio Code Host' -HostProfileId 'Microsoft.VSCode' -HostVersion '2022.5.1' -AdditionalModules @('PowerShellEditorServices.VSCode') -BundledModulesPath 'c:\Users\David\.vscode\extensions\ms-vscode.powershell-2022.5.1\modules' -EnableConsoleRepl -StartupBanner '=====> PowerShell Integrated Console v2022.5.1 <=====
' -LogLevel 'Normal' -LogPath 'c:\Users\David\.vscode\extensions\ms-vscode.powershell-2022.5.1\logs\1653116965-b3ebfed4-8af5-468e-80ea-e4390a67b4dd1653116962490\EditorServices.log' -SessionDetailsPath 'c:\Users\David\.vscode\extensions\ms-vscode.powershell-2022.5.1\sessions\PSES-VSCode-20280-434106' -FeatureFlags @() 
Process ID: 13108
PSVersion: 5.1.22000.653
PSEdition: Desktop
PSCompatibleVersions: 1.0, 2.0, 3.0, 4.0, 5.0, 5.1.22000.653
BuildVersion: 10.0.22000.653
CLRVersion: 4.0.30319.42000
WSManStackVersion: 3.0
PSRemotingProtocolVersion: 2.3
SerializationVersion: 1.1.0.1
**********************
Transcript started, output file is D:\GitHub\MyModules\OSD\Catalogs\OSDCatalog\OSDCatalogMicrosoftDriverPack.log
VERBOSE: Build Catalog already created at C:\Users\David\AppData\Local\Temp\OSD\OSDCatalogMicrosoftDriverPack.json
VERBOSE: Test-WebConnection OK: https://support.microsoft.com/en-us/surface/download-drivers-and-firmware-for-surface-09bb2e09-2a4b-cb69-0951-078a7739e120
VERBOSE: HEAD with 0-byte payload
VERBOSE: received 0-byte response of content type text/html; charset=utf-8
VERBOSE: Processing Surface 3 WiFi
VERBOSE: GET with 0-byte payload
VERBOSE: received -1-byte response of content type text/html
VERBOSE: Testing Download File at https://download.microsoft.com/download/C/5/C/C5C75DC4-0807-44A8-BCC1-6064CFD150F2/Surface3_WiFi_Win10_161250_0.msi
VERBOSE: HEAD with 0-byte payload
VERBOSE: received 184000512-byte response of content type application/octet-stream
VERBOSE: Testing Download File at https://download.microsoft.com/download/C/5/C/C5C75DC4-0807-44A8-BCC1-6064CFD150F2/Surface3_WiFi_Win10_17134_1902003_0.msi
VERBOSE: HEAD with 0-byte payload
VERBOSE: received 191340544-byte response of content type application/octet-stream
VERBOSE: Testing Download File at https://download.microsoft.com/download/C/5/C/C5C75DC4-0807-44A8-BCC1-6064CFD150F2/Surface3_WiFi_Win10_18362_1902003_0.msi
VERBOSE: HEAD with 0-byte payload
VERBOSE: received 191369216-byte response of content type application/octet-stream
VERBOSE: Processing Surface 3 LTE ATT
VERBOSE: GET with 0-byte payload
VERBOSE: received -1-byte response of content type text/html
VERBOSE: Testing Download File at https://download.microsoft.com/download/9/7/2/9728FCD1-A108-4EE6-ADFD-FB33C2320CCF/Surface3_4GLTE-ATT_Win10_161250_0.msi
VERBOSE: HEAD with 0-byte payload
VERBOSE: received 199315456-byte response of content type application/octet-stream
VERBOSE: Testing Download File at https://download.microsoft.com/download/9/7/2/9728FCD1-A108-4EE6-ADFD-FB33C2320CCF/Surface3_4GLTE-ATT_Win10_17134_1902003_0.msi
VERBOSE: HEAD with 0-byte payload
VERBOSE: received 207011840-byte response of content type application/octet-stream
VERBOSE: Testing Download File at https://download.microsoft.com/download/9/7/2/9728FCD1-A108-4EE6-ADFD-FB33C2320CCF/Surface3_4GLTE-ATT_Win10_18362_1902003_0.msi
VERBOSE: HEAD with 0-byte payload
VERBOSE: received 207015936-byte response of content type application/octet-stream
VERBOSE: Processing Surface 3 LTE Verizon
VERBOSE: GET with 0-byte payload
VERBOSE: received -1-byte response of content type text/html
VERBOSE: Testing Download File at https://download.microsoft.com/download/7/5/7/757B0C6E-0C22-400B-90EA-D8AFBD64CC16/Surface3_4GLTE-NorthAmericaUnlocked_Win10_161250_0.msi
VERBOSE: HEAD with 0-byte payload
VERBOSE: received 199315456-byte response of content type application/octet-stream
VERBOSE: Testing Download File at https://download.microsoft.com/download/7/5/7/757B0C6E-0C22-400B-90EA-D8AFBD64CC16/Surface3_4GLTE-NorthAmericaUnlocked_Win10_17134_1902003_0.msi
VERBOSE: HEAD with 0-byte payload
VERBOSE: received 207040512-byte response of content type application/octet-stream
VERBOSE: Testing Download File at https://download.microsoft.com/download/7/5/7/757B0C6E-0C22-400B-90EA-D8AFBD64CC16/Surface3_4GLTE-NorthAmericaUnlocked_Win10_18362_1902003_0.msi
VERBOSE: HEAD with 0-byte payload
VERBOSE: received 207032320-byte response of content type application/octet-stream
VERBOSE: Processing Surface 3 LTE North America
VERBOSE: GET with 0-byte payload
VERBOSE: received -1-byte response of content type text/html
VERBOSE: Testing Download File at https://download.microsoft.com/download/7/5/7/757B0C6E-0C22-400B-90EA-D8AFBD64CC16/Surface3_4GLTE-NorthAmericaUnlocked_Win10_161250_0.msi
VERBOSE: HEAD with 0-byte payload
VERBOSE: received 199315456-byte response of content type application/octet-stream
VERBOSE: Testing Download File at https://download.microsoft.com/download/7/5/7/757B0C6E-0C22-400B-90EA-D8AFBD64CC16/Surface3_4GLTE-NorthAmericaUnlocked_Win10_17134_1902003_0.msi
VERBOSE: HEAD with 0-byte payload
VERBOSE: received 207040512-byte response of content type application/octet-stream
VERBOSE: Testing Download File at https://download.microsoft.com/download/7/5/7/757B0C6E-0C22-400B-90EA-D8AFBD64CC16/Surface3_4GLTE-NorthAmericaUnlocked_Win10_18362_1902003_0.msi
VERBOSE: HEAD with 0-byte payload
VERBOSE: received 207032320-byte response of content type application/octet-stream
VERBOSE: Processing Surface 3 LTE Rest of World
VERBOSE: GET with 0-byte payload
VERBOSE: received -1-byte response of content type text/html
VERBOSE: Testing Download File at https://download.microsoft.com/download/D/B/9/DB9AC338-1F7A-4CFE-97E1-B089DED46831/Surface3_4GLTE-RestOfTheWorld_Win10_161250_0.msi
VERBOSE: HEAD with 0-byte payload
VERBOSE: received 199319552-byte response of content type application/octet-stream
VERBOSE: Testing Download File at https://download.microsoft.com/download/D/B/9/DB9AC338-1F7A-4CFE-97E1-B089DED46831/Surface3_4GLTE-RestOfTheWorld_Win10_17134_1902003_0.msi
VERBOSE: HEAD with 0-byte payload
VERBOSE: received 207028224-byte response of content type application/octet-stream
VERBOSE: Testing Download File at https://download.microsoft.com/download/D/B/9/DB9AC338-1F7A-4CFE-97E1-B089DED46831/Surface3_4GLTE-RestOfTheWorld_Win10_18362_1902003_0.msi
VERBOSE: HEAD with 0-byte payload
VERBOSE: received 207028224-byte response of content type application/octet-stream
VERBOSE: Processing Surface Book
VERBOSE: GET with 0-byte payload
VERBOSE: received -1-byte response of content type text/html
VERBOSE: Testing Download File at https://download.microsoft.com/download/D/8/B/D8BB7912-5DB3-4AFF-8554-8F2E0B4CAB41/SurfaceBook_Win10_1701000_0.msi
VERBOSE: HEAD with 0-byte payload
VERBOSE: received 502906880-byte response of content type application/octet-stream
VERBOSE: Testing Download File at https://download.microsoft.com/download/D/8/B/D8BB7912-5DB3-4AFF-8554-8F2E0B4CAB41/SurfaceBook_Win10_17134_20.013.31719.0.msi
VERBOSE: HEAD with 0-byte payload
VERBOSE: received 1005117440-byte response of content type application/octet-stream
VERBOSE: Testing Download File at https://download.microsoft.com/download/D/8/B/D8BB7912-5DB3-4AFF-8554-8F2E0B4CAB41/SurfaceBook_Win10_17763_20.041.8407.0.msi
VERBOSE: HEAD with 0-byte payload
VERBOSE: received 1364639744-byte response of content type application/octet-stream
VERBOSE: Testing Download File at https://download.microsoft.com/download/D/8/B/D8BB7912-5DB3-4AFF-8554-8F2E0B4CAB41/SurfaceBook_Win10_18362_21.062.17202.0.msi
VERBOSE: HEAD with 0-byte payload
VERBOSE: received 1341702144-byte response of content type application/octet-stream
VERBOSE: Processing Surface Book 2 13
VERBOSE: GET with 0-byte payload
VERBOSE: received -1-byte response of content type text/html
VERBOSE: Testing Download File at https://download.microsoft.com/download/9/4/F/94F7AED2-D3ED-4A60-AB94-A0D078FE6DF6/SurfaceBook2_Win10_17134_20.012.21576.0.msi
VERBOSE: HEAD with 0-byte payload
VERBOSE: received 1033486336-byte response of content type application/octet-stream
VERBOSE: Testing Download File at https://download.microsoft.com/download/9/4/F/94F7AED2-D3ED-4A60-AB94-A0D078FE6DF6/SurfaceBook2_Win10_17763_20.061.12854.0.msi
VERBOSE: HEAD with 0-byte payload
VERBOSE: received 1404731392-byte response of content type application/octet-stream
VERBOSE: Testing Download File at https://download.microsoft.com/download/9/4/F/94F7AED2-D3ED-4A60-AB94-A0D078FE6DF6/SurfaceBook2_Win10_18362_21.101.14869.0.msi
VERBOSE: HEAD with 0-byte payload
VERBOSE: received 1521782784-byte response of content type application/octet-stream
VERBOSE: Testing Download File at https://download.microsoft.com/download/9/4/F/94F7AED2-D3ED-4A60-AB94-A0D078FE6DF6/SurfaceBook2_Win10_19041_22.023.33295.0.msi
VERBOSE: HEAD with 0-byte payload
VERBOSE: received 1521811456-byte response of content type application/octet-stream
VERBOSE: Processing Surface Book 2 15
VERBOSE: GET with 0-byte payload
VERBOSE: received -1-byte response of content type text/html
VERBOSE: Testing Download File at https://download.microsoft.com/download/9/4/F/94F7AED2-D3ED-4A60-AB94-A0D078FE6DF6/SurfaceBook2_Win10_17134_20.012.21576.0.msi
VERBOSE: HEAD with 0-byte payload
VERBOSE: received 1033486336-byte response of content type application/octet-stream
VERBOSE: Testing Download File at https://download.microsoft.com/download/9/4/F/94F7AED2-D3ED-4A60-AB94-A0D078FE6DF6/SurfaceBook2_Win10_17763_20.061.12854.0.msi
VERBOSE: HEAD with 0-byte payload
VERBOSE: received 1404731392-byte response of content type application/octet-stream
VERBOSE: Testing Download File at https://download.microsoft.com/download/9/4/F/94F7AED2-D3ED-4A60-AB94-A0D078FE6DF6/SurfaceBook2_Win10_18362_21.101.14869.0.msi
VERBOSE: HEAD with 0-byte payload
VERBOSE: received 1521782784-byte response of content type application/octet-stream
VERBOSE: Testing Download File at https://download.microsoft.com/download/9/4/F/94F7AED2-D3ED-4A60-AB94-A0D078FE6DF6/SurfaceBook2_Win10_19041_22.023.33295.0.msi
VERBOSE: HEAD with 0-byte payload
VERBOSE: received 1521811456-byte response of content type application/octet-stream
VERBOSE: Processing Surface Book 3 13
VERBOSE: GET with 0-byte payload
VERBOSE: received -1-byte response of content type text/html
VERBOSE: Testing Download File at https://download.microsoft.com/download/6/1/3/6139ef9d-d467-4fc4-94f2-8ebbf705110c/SurfaceBook3_Win10_19041_22.033.31558.0.msi
VERBOSE: HEAD with 0-byte payload
VERBOSE: received 1697730560-byte response of content type application/octet-stream
VERBOSE: Testing Download File at https://download.microsoft.com/download/6/1/3/6139ef9d-d467-4fc4-94f2-8ebbf705110c/SurfaceBook3_Win11_22000_22.042.20166.0.msi
VERBOSE: HEAD with 0-byte payload
VERBOSE: received 1697824768-byte response of content type application/octet-stream
VERBOSE: Processing Surface Book 3 15
VERBOSE: GET with 0-byte payload
VERBOSE: received -1-byte response of content type text/html
VERBOSE: Testing Download File at https://download.microsoft.com/download/6/1/3/6139ef9d-d467-4fc4-94f2-8ebbf705110c/SurfaceBook3_Win10_19041_22.033.31558.0.msi
VERBOSE: HEAD with 0-byte payload
VERBOSE: received 1697730560-byte response of content type application/octet-stream
VERBOSE: Testing Download File at https://download.microsoft.com/download/6/1/3/6139ef9d-d467-4fc4-94f2-8ebbf705110c/SurfaceBook3_Win11_22000_22.042.20166.0.msi
VERBOSE: HEAD with 0-byte payload
VERBOSE: received 1697824768-byte response of content type application/octet-stream
VERBOSE: Processing Surface Go Commercial
VERBOSE: GET with 0-byte payload
VERBOSE: received -1-byte response of content type text/html
VERBOSE: Testing Download File at https://download.microsoft.com/download/1/9/2/19206AF7-09CE-4AA6-8966-051D2E79E62B/SurfaceGo_Win10_17134_1803010_WiFi_6.msi
VERBOSE: HEAD with 0-byte payload
VERBOSE: received 383766528-byte response of content type application/octet-stream
VERBOSE: Testing Download File at https://download.microsoft.com/download/1/9/2/19206AF7-09CE-4AA6-8966-051D2E79E62B/SurfaceGo_Win10_17763_2000101_WiFi_0.msi
VERBOSE: HEAD with 0-byte payload
VERBOSE: received 391667712-byte response of content type application/octet-stream
VERBOSE: Testing Download File at https://download.microsoft.com/download/1/9/2/19206AF7-09CE-4AA6-8966-051D2E79E62B/SurfaceGo_Win10_18362_22.031.05160_WiFi_0.msi
VERBOSE: HEAD with 0-byte payload
VERBOSE: received 375332864-byte response of content type application/octet-stream
VERBOSE: Processing Surface Go Consumer
VERBOSE: GET with 0-byte payload
VERBOSE: received -1-byte response of content type text/html
VERBOSE: Testing Download File at https://download.microsoft.com/download/1/9/2/19206AF7-09CE-4AA6-8966-051D2E79E62B/SurfaceGo_Win10_17134_1803010_WiFi_6.msi
VERBOSE: HEAD with 0-byte payload
VERBOSE: received 383766528-byte response of content type application/octet-stream
VERBOSE: Testing Download File at https://download.microsoft.com/download/1/9/2/19206AF7-09CE-4AA6-8966-051D2E79E62B/SurfaceGo_Win10_17763_2000101_WiFi_0.msi
VERBOSE: HEAD with 0-byte payload
VERBOSE: received 391667712-byte response of content type application/octet-stream
VERBOSE: Testing Download File at https://download.microsoft.com/download/1/9/2/19206AF7-09CE-4AA6-8966-051D2E79E62B/SurfaceGo_Win10_18362_22.031.05160_WiFi_0.msi
VERBOSE: HEAD with 0-byte payload
VERBOSE: received 375332864-byte response of content type application/octet-stream
VERBOSE: Processing Surface Go LTE Commercial
VERBOSE: GET with 0-byte payload
VERBOSE: received -1-byte response of content type text/html
VERBOSE: Testing Download File at https://download.microsoft.com/download/B/0/C/B0CD6C8E-5AE4-4072-BD43-B981209606E5/SurfaceGo_Win10_17134_1803010_LTE_4.msi
VERBOSE: HEAD with 0-byte payload
VERBOSE: received 386277376-byte response of content type application/octet-stream
VERBOSE: Testing Download File at https://download.microsoft.com/download/B/0/C/B0CD6C8E-5AE4-4072-BD43-B981209606E5/SurfaceGo_Win10_17763_2000101_LTE_0.msi
VERBOSE: HEAD with 0-byte payload
VERBOSE: received 392945664-byte response of content type application/octet-stream
VERBOSE: Testing Download File at https://download.microsoft.com/download/B/0/C/B0CD6C8E-5AE4-4072-BD43-B981209606E5/SurfaceGo_Win10_18362_22.031.05160_LTE_0.msi
VERBOSE: HEAD with 0-byte payload
VERBOSE: received 376705024-byte response of content type application/octet-stream
VERBOSE: Processing Surface Go 2 Commercial
VERBOSE: GET with 0-byte payload
VERBOSE: received -1-byte response of content type text/html
VERBOSE: Testing Download File at https://download.microsoft.com/download/d/7/1/d71163b8-03a8-40c7-8a9f-fc2006c6bccb/SurfaceGo2_Win10_17763_20.063.23730_0.msi
VERBOSE: HEAD with 0-byte payload
VERBOSE: received 426106880-byte response of content type application/octet-stream
VERBOSE: Testing Download File at https://download.microsoft.com/download/d/7/1/d71163b8-03a8-40c7-8a9f-fc2006c6bccb/SurfaceGo2_Win10_18362_22.013.15000_0.msi
VERBOSE: HEAD with 0-byte payload
VERBOSE: received 409518080-byte response of content type application/octet-stream
VERBOSE: Processing Surface Go 2 Consumer
VERBOSE: GET with 0-byte payload
VERBOSE: received -1-byte response of content type text/html
VERBOSE: Testing Download File at https://download.microsoft.com/download/d/7/1/d71163b8-03a8-40c7-8a9f-fc2006c6bccb/SurfaceGo2_Win10_17763_20.063.23730_0.msi
VERBOSE: HEAD with 0-byte payload
VERBOSE: received 426106880-byte response of content type application/octet-stream
VERBOSE: Testing Download File at https://download.microsoft.com/download/d/7/1/d71163b8-03a8-40c7-8a9f-fc2006c6bccb/SurfaceGo2_Win10_18362_22.013.15000_0.msi
VERBOSE: HEAD with 0-byte payload
VERBOSE: received 409518080-byte response of content type application/octet-stream
VERBOSE: Processing Surface Go 2 LTE
VERBOSE: GET with 0-byte payload
VERBOSE: received -1-byte response of content type text/html
VERBOSE: Testing Download File at https://download.microsoft.com/download/d/7/1/d71163b8-03a8-40c7-8a9f-fc2006c6bccb/SurfaceGo2_Win10_17763_20.063.23730_0.msi
VERBOSE: HEAD with 0-byte payload
VERBOSE: received 426106880-byte response of content type application/octet-stream
VERBOSE: Testing Download File at https://download.microsoft.com/download/d/7/1/d71163b8-03a8-40c7-8a9f-fc2006c6bccb/SurfaceGo2_Win10_18362_22.013.15000_0.msi
VERBOSE: HEAD with 0-byte payload
VERBOSE: received 409518080-byte response of content type application/octet-stream
VERBOSE: Processing Surface Go 3 Commercial
VERBOSE: GET with 0-byte payload
VERBOSE: received -1-byte response of content type text/html
VERBOSE: Testing Download File at https://download.microsoft.com/download/e/8/2/e82f3029-e587-4c28-8ab4-ae1bf1e2c209/SurfaceGo3_Win10_19042_22.023.33209.0.msi
VERBOSE: HEAD with 0-byte payload
VERBOSE: received 539009024-byte response of content type application/octet-stream
VERBOSE: Testing Download File at https://download.microsoft.com/download/e/8/2/e82f3029-e587-4c28-8ab4-ae1bf1e2c209/SurfaceGo3_Win11_22000_21.120.382.0.msi
VERBOSE: HEAD with 0-byte payload
VERBOSE: received 539111424-byte response of content type application/octet-stream
VERBOSE: Processing Surface Go 3 Consumer
VERBOSE: GET with 0-byte payload
VERBOSE: received -1-byte response of content type text/html
VERBOSE: Testing Download File at https://download.microsoft.com/download/e/8/2/e82f3029-e587-4c28-8ab4-ae1bf1e2c209/SurfaceGo3_Win10_19042_22.023.33209.0.msi
VERBOSE: HEAD with 0-byte payload
VERBOSE: received 539009024-byte response of content type application/octet-stream
VERBOSE: Testing Download File at https://download.microsoft.com/download/e/8/2/e82f3029-e587-4c28-8ab4-ae1bf1e2c209/SurfaceGo3_Win11_22000_21.120.382.0.msi
VERBOSE: HEAD with 0-byte payload
VERBOSE: received 539111424-byte response of content type application/octet-stream
VERBOSE: Processing Surface Go 3 LTE
VERBOSE: GET with 0-byte payload
VERBOSE: received -1-byte response of content type text/html
VERBOSE: Testing Download File at https://download.microsoft.com/download/e/8/2/e82f3029-e587-4c28-8ab4-ae1bf1e2c209/SurfaceGo3_Win10_19042_22.023.33209.0.msi
VERBOSE: HEAD with 0-byte payload
VERBOSE: received 539009024-byte response of content type application/octet-stream
VERBOSE: Testing Download File at https://download.microsoft.com/download/e/8/2/e82f3029-e587-4c28-8ab4-ae1bf1e2c209/SurfaceGo3_Win11_22000_21.120.382.0.msi
VERBOSE: HEAD with 0-byte payload
VERBOSE: received 539111424-byte response of content type application/octet-stream
VERBOSE: Processing Surface Hub 2
VERBOSE: GET with 0-byte payload
VERBOSE: received -1-byte response of content type text/html
VERBOSE: Testing Download File at https://download.microsoft.com/download/C/5/D/C5D16DE9-19E3-4A02-9483-B045EDC63A1E/SurfaceHub2S_Win10_18363_22.012.17224.0.msi
VERBOSE: HEAD with 0-byte payload
VERBOSE: received 341983232-byte response of content type application/octet-stream
VERBOSE: Processing Surface Hub 2S 50
VERBOSE: GET with 0-byte payload
VERBOSE: received -1-byte response of content type text/html
VERBOSE: Testing Download File at https://download.microsoft.com/download/C/5/D/C5D16DE9-19E3-4A02-9483-B045EDC63A1E/SurfaceHub2S_Win10_18363_22.012.17224.0.msi
VERBOSE: HEAD with 0-byte payload
VERBOSE: received 341983232-byte response of content type application/octet-stream
VERBOSE: Processing Surface Hub 2S 85
VERBOSE: GET with 0-byte payload
VERBOSE: received -1-byte response of content type text/html
VERBOSE: Testing Download File at https://download.microsoft.com/download/C/5/D/C5D16DE9-19E3-4A02-9483-B045EDC63A1E/SurfaceHub2S_Win10_18363_22.012.17224.0.msi
VERBOSE: HEAD with 0-byte payload
VERBOSE: received 341983232-byte response of content type application/octet-stream
VERBOSE: Processing Surface Laptop
VERBOSE: GET with 0-byte payload
VERBOSE: received -1-byte response of content type text/html
VERBOSE: Testing Download File at https://download.microsoft.com/download/4/3/C/43C2BEA2-3C14-4DC1-B984-7556B389AC2E/SurfaceLaptop_Win10_17134_19.091.8183.0.msi
VERBOSE: HEAD with 0-byte payload
VERBOSE: received 455467008-byte response of content type application/octet-stream
VERBOSE: Testing Download File at https://download.microsoft.com/download/4/3/C/43C2BEA2-3C14-4DC1-B984-7556B389AC2E/SurfaceLaptop_Win10_17763_20.041.9870.0.msi
VERBOSE: HEAD with 0-byte payload
VERBOSE: received 469102592-byte response of content type application/octet-stream
VERBOSE: Testing Download File at https://download.microsoft.com/download/4/3/C/43C2BEA2-3C14-4DC1-B984-7556B389AC2E/SurfaceLaptop_Win10_18362_21.101.11476.0.msi
VERBOSE: HEAD with 0-byte payload
VERBOSE: received 437915648-byte response of content type application/octet-stream
VERBOSE: Processing Surface Laptop 2 Commercial
VERBOSE: GET with 0-byte payload
VERBOSE: received -1-byte response of content type text/html
VERBOSE: Testing Download File at https://download.microsoft.com/download/E/7/5/E75E02DD-0ACF-4953-9F42-8408F96E0702/SurfaceLaptop2_Win10_17134_19.091.8186.0.msi
VERBOSE: HEAD with 0-byte payload
VERBOSE: received 431681536-byte response of content type application/octet-stream
VERBOSE: Testing Download File at https://download.microsoft.com/download/E/7/5/E75E02DD-0ACF-4953-9F42-8408F96E0702/SurfaceLaptop2_Win10_17763_20.070.2910.0.msi
VERBOSE: HEAD with 0-byte payload
VERBOSE: received 439521280-byte response of content type application/octet-stream
VERBOSE: Testing Download File at https://download.microsoft.com/download/E/7/5/E75E02DD-0ACF-4953-9F42-8408F96E0702/SurfaceLaptop2_Win10_18362_21.101.11630.0.msi
VERBOSE: HEAD with 0-byte payload
VERBOSE: received 406425600-byte response of content type application/octet-stream
VERBOSE: Testing Download File at https://download.microsoft.com/download/E/7/5/E75E02DD-0ACF-4953-9F42-8408F96E0702/SurfaceLaptop2_Win10_19041_22.021.14301.0.msi
VERBOSE: HEAD with 0-byte payload
VERBOSE: received 406454272-byte response of content type application/octet-stream
VERBOSE: Processing Surface Laptop 2 Consumer
VERBOSE: GET with 0-byte payload
VERBOSE: received -1-byte response of content type text/html
VERBOSE: Testing Download File at https://download.microsoft.com/download/E/7/5/E75E02DD-0ACF-4953-9F42-8408F96E0702/SurfaceLaptop2_Win10_17134_19.091.8186.0.msi
VERBOSE: HEAD with 0-byte payload
VERBOSE: received 431681536-byte response of content type application/octet-stream
VERBOSE: Testing Download File at https://download.microsoft.com/download/E/7/5/E75E02DD-0ACF-4953-9F42-8408F96E0702/SurfaceLaptop2_Win10_17763_20.070.2910.0.msi
VERBOSE: HEAD with 0-byte payload
VERBOSE: received 439521280-byte response of content type application/octet-stream
VERBOSE: Testing Download File at https://download.microsoft.com/download/E/7/5/E75E02DD-0ACF-4953-9F42-8408F96E0702/SurfaceLaptop2_Win10_18362_21.101.11630.0.msi
VERBOSE: HEAD with 0-byte payload
VERBOSE: received 406425600-byte response of content type application/octet-stream
VERBOSE: Testing Download File at https://download.microsoft.com/download/E/7/5/E75E02DD-0ACF-4953-9F42-8408F96E0702/SurfaceLaptop2_Win10_19041_22.021.14301.0.msi
VERBOSE: HEAD with 0-byte payload
VERBOSE: received 406454272-byte response of content type application/octet-stream
VERBOSE: Processing Surface Laptop 3 13 Intel
VERBOSE: GET with 0-byte payload
VERBOSE: received -1-byte response of content type text/html
VERBOSE: Testing Download File at https://download.microsoft.com/download/3/f/4/3f4f5dff-b6a9-4006-87aa-142a8e6f77cb/SurfaceLaptop3_Win10_17763_20.020.4371.0.msi
VERBOSE: HEAD with 0-byte payload
VERBOSE: received 507375616-byte response of content type application/octet-stream
VERBOSE: Testing Download File at https://download.microsoft.com/download/3/f/4/3f4f5dff-b6a9-4006-87aa-142a8e6f77cb/SurfaceLaptop3_Win10_18362_21.091.14218.0.msi
VERBOSE: HEAD with 0-byte payload
VERBOSE: received 649138176-byte response of content type application/octet-stream
VERBOSE: Testing Download File at https://download.microsoft.com/download/3/f/4/3f4f5dff-b6a9-4006-87aa-142a8e6f77cb/SurfaceLaptop3_Win10_19041_22.011.9779.0.msi
VERBOSE: HEAD with 0-byte payload
VERBOSE: received 649367552-byte response of content type application/octet-stream
VERBOSE: Testing Download File at https://download.microsoft.com/download/3/f/4/3f4f5dff-b6a9-4006-87aa-142a8e6f77cb/SurfaceLaptop3_Win11_22000_22.011.9779.0.msi
VERBOSE: HEAD with 0-byte payload
VERBOSE: received 649494528-byte response of content type application/octet-stream
VERBOSE: Processing Surface Laptop 3 13 AMD
VERBOSE: GET with 0-byte payload
VERBOSE: received -1-byte response of content type text/html
VERBOSE: Testing Download File at https://download.microsoft.com/download/6/f/e/6fe2a0c9-7218-4e17-8628-229b89a8b650/SurfaceLaptop3_Win10_18362_21.071.8492.0.msi
VERBOSE: HEAD with 0-byte payload
VERBOSE: received 377262080-byte response of content type application/octet-stream
VERBOSE: Testing Download File at https://download.microsoft.com/download/6/f/e/6fe2a0c9-7218-4e17-8628-229b89a8b650/SurfaceLaptop3_Win10_19042_22.020.5647.0.msi
VERBOSE: HEAD with 0-byte payload
VERBOSE: received 377167872-byte response of content type application/octet-stream
VERBOSE: Testing Download File at https://download.microsoft.com/download/6/f/e/6fe2a0c9-7218-4e17-8628-229b89a8b650/SurfaceLaptop3_Win11_22000_22.020.5648.0.msi
VERBOSE: HEAD with 0-byte payload
VERBOSE: received 377004032-byte response of content type application/octet-stream
VERBOSE: Processing Surface Laptop 3 15 Intel
VERBOSE: GET with 0-byte payload
VERBOSE: received -1-byte response of content type text/html
VERBOSE: Testing Download File at https://download.microsoft.com/download/3/f/4/3f4f5dff-b6a9-4006-87aa-142a8e6f77cb/SurfaceLaptop3_Win10_17763_20.020.4371.0.msi
VERBOSE: HEAD with 0-byte payload
VERBOSE: received 507375616-byte response of content type application/octet-stream
VERBOSE: Testing Download File at https://download.microsoft.com/download/3/f/4/3f4f5dff-b6a9-4006-87aa-142a8e6f77cb/SurfaceLaptop3_Win10_18362_21.091.14218.0.msi
VERBOSE: HEAD with 0-byte payload
VERBOSE: received 649138176-byte response of content type application/octet-stream
VERBOSE: Testing Download File at https://download.microsoft.com/download/3/f/4/3f4f5dff-b6a9-4006-87aa-142a8e6f77cb/SurfaceLaptop3_Win10_19041_22.011.9779.0.msi
VERBOSE: HEAD with 0-byte payload
VERBOSE: received 649367552-byte response of content type application/octet-stream
VERBOSE: Testing Download File at https://download.microsoft.com/download/3/f/4/3f4f5dff-b6a9-4006-87aa-142a8e6f77cb/SurfaceLaptop3_Win11_22000_22.011.9779.0.msi
VERBOSE: HEAD with 0-byte payload
VERBOSE: received 649494528-byte response of content type application/octet-stream
VERBOSE: Processing Surface Laptop 4 13 AMD
VERBOSE: GET with 0-byte payload
VERBOSE: received -1-byte response of content type text/html
VERBOSE: Testing Download File at https://download.microsoft.com/download/c/2/8/c2840704-6c0e-4457-82ca-68502b1803b5/SurfaceLaptop4_Win10_18363_21.120.2841.0.msi
VERBOSE: HEAD with 0-byte payload
VERBOSE: received 472535040-byte response of content type application/octet-stream
VERBOSE: Testing Download File at https://download.microsoft.com/download/c/2/8/c2840704-6c0e-4457-82ca-68502b1803b5/SurfaceLaptop4_Win10_19042_22.030.2730.0.msi
VERBOSE: HEAD with 0-byte payload
VERBOSE: received 893796352-byte response of content type application/octet-stream
VERBOSE: Testing Download File at https://download.microsoft.com/download/c/2/8/c2840704-6c0e-4457-82ca-68502b1803b5/SurfaceLaptop4_Win11_22000_22.030.2733.0.msi
VERBOSE: HEAD with 0-byte payload
VERBOSE: received 893849600-byte response of content type application/octet-stream
VERBOSE: Processing Surface Laptop 4 13 Intel
VERBOSE: GET with 0-byte payload
VERBOSE: received -1-byte response of content type text/html
VERBOSE: Testing Download File at https://download.microsoft.com/download/f/7/0/f70b3d0a-59b1-4842-9130-0c152bb738ba/SurfaceLaptop4_Win10_18363_21.121.10176.0.msi
VERBOSE: HEAD with 0-byte payload
VERBOSE: received 638861312-byte response of content type application/octet-stream
VERBOSE: Testing Download File at https://download.microsoft.com/download/f/7/0/f70b3d0a-59b1-4842-9130-0c152bb738ba/SurfaceLaptop4_Win10_19042_22.011.9895.0.msi
VERBOSE: HEAD with 0-byte payload
VERBOSE: received 638935040-byte response of content type application/octet-stream
VERBOSE: Testing Download File at https://download.microsoft.com/download/f/7/0/f70b3d0a-59b1-4842-9130-0c152bb738ba/SurfaceLaptop4_Win11_22000_22.011.9895.0.msi
VERBOSE: HEAD with 0-byte payload
VERBOSE: received 638980096-byte response of content type application/octet-stream
VERBOSE: Processing Surface Laptop 4 15 AMD
VERBOSE: GET with 0-byte payload
VERBOSE: received -1-byte response of content type text/html
VERBOSE: Testing Download File at https://download.microsoft.com/download/c/2/8/c2840704-6c0e-4457-82ca-68502b1803b5/SurfaceLaptop4_Win10_18363_21.120.2841.0.msi
VERBOSE: HEAD with 0-byte payload
VERBOSE: received 472535040-byte response of content type application/octet-stream
VERBOSE: Testing Download File at https://download.microsoft.com/download/c/2/8/c2840704-6c0e-4457-82ca-68502b1803b5/SurfaceLaptop4_Win10_19042_22.030.2730.0.msi
VERBOSE: HEAD with 0-byte payload
VERBOSE: received 893796352-byte response of content type application/octet-stream
VERBOSE: Testing Download File at https://download.microsoft.com/download/c/2/8/c2840704-6c0e-4457-82ca-68502b1803b5/SurfaceLaptop4_Win11_22000_22.030.2733.0.msi
VERBOSE: HEAD with 0-byte payload
VERBOSE: received 893849600-byte response of content type application/octet-stream
VERBOSE: Processing Surface Laptop 4 15 Intel
VERBOSE: GET with 0-byte payload
VERBOSE: received -1-byte response of content type text/html
VERBOSE: Testing Download File at https://download.microsoft.com/download/f/7/0/f70b3d0a-59b1-4842-9130-0c152bb738ba/SurfaceLaptop4_Win10_18363_21.121.10176.0.msi
VERBOSE: HEAD with 0-byte payload
VERBOSE: received 638861312-byte response of content type application/octet-stream
VERBOSE: Testing Download File at https://download.microsoft.com/download/f/7/0/f70b3d0a-59b1-4842-9130-0c152bb738ba/SurfaceLaptop4_Win10_19042_22.011.9895.0.msi
VERBOSE: HEAD with 0-byte payload
VERBOSE: received 638935040-byte response of content type application/octet-stream
VERBOSE: Testing Download File at https://download.microsoft.com/download/f/7/0/f70b3d0a-59b1-4842-9130-0c152bb738ba/SurfaceLaptop4_Win11_22000_22.011.9895.0.msi
VERBOSE: HEAD with 0-byte payload
VERBOSE: received 638980096-byte response of content type application/octet-stream
VERBOSE: Processing Surface Laptop Go
VERBOSE: GET with 0-byte payload
VERBOSE: received -1-byte response of content type text/html
VERBOSE: Testing Download File at https://download.microsoft.com/download/5/9/4/594604a4-26c0-405c-ac04-b385d824c30c/SurfaceLaptopGo_Win10_18363_21.112.16896.0.msi
VERBOSE: HEAD with 0-byte payload
VERBOSE: received 637882368-byte response of content type application/octet-stream
VERBOSE: Testing Download File at https://download.microsoft.com/download/5/9/4/594604a4-26c0-405c-ac04-b385d824c30c/SurfaceLaptopGo_Win10_19041_22.021.14345.0.msi
VERBOSE: HEAD with 0-byte payload
VERBOSE: received 639029248-byte response of content type application/octet-stream
VERBOSE: Testing Download File at https://download.microsoft.com/download/5/9/4/594604a4-26c0-405c-ac04-b385d824c30c/SurfaceLaptopGo_Win11_22000_22.021.14347.0.msi
VERBOSE: HEAD with 0-byte payload
VERBOSE: received 639029248-byte response of content type application/octet-stream
VERBOSE: Processing Surface Laptop Studio
VERBOSE: GET with 0-byte payload
VERBOSE: received -1-byte response of content type text/html
VERBOSE: Testing Download File at https://download.microsoft.com/download/b/3/0/b30ecc34-3bab-4c68-a5b3-0d258d73e747/SurfaceLaptopStudio_Win10_19042_22.023.33423.0.msi
VERBOSE: HEAD with 0-byte payload
VERBOSE: received 1624571904-byte response of content type application/octet-stream
VERBOSE: Testing Download File at https://download.microsoft.com/download/b/3/0/b30ecc34-3bab-4c68-a5b3-0d258d73e747/SurfaceLaptopStudio_Win11_22000_22.034.41310.0.msi
VERBOSE: HEAD with 0-byte payload
VERBOSE: received 1624567808-byte response of content type application/octet-stream
VERBOSE: Processing Surface Pro
VERBOSE: GET with 0-byte payload
VERBOSE: received -1-byte response of content type text/html
VERBOSE: Testing Download File at https://download.microsoft.com/download/B/D/A/BDA70A48-7447-463C-BD91-1DF6C6E5BF50/Surface Pro/SurfacePro_Win10_150723_0.zip
VERBOSE: HEAD with 0-byte payload
VERBOSE: received 156853921-byte response of content type application/octet-stream
VERBOSE: Processing Surface Pro 2
VERBOSE: GET with 0-byte payload
VERBOSE: received -1-byte response of content type text/html
VERBOSE: Testing Download File at https://download.microsoft.com/download/A/D/F/ADF87383-7E81-4157-A1C3-D2CCE3446D7B/SurfacePro2_Win10_160501_2.zip
VERBOSE: HEAD with 0-byte payload
VERBOSE: received 219583326-byte response of content type application/octet-stream
VERBOSE: Processing Surface Pro 3
VERBOSE: GET with 0-byte payload
VERBOSE: received -1-byte response of content type text/html
VERBOSE: Testing Download File at https://download.microsoft.com/download/2/0/7/2073C22F-2F31-4F4A-8059-E54C91C564A9/SurfacePro3_Win10_14393_1703702_0.msi
VERBOSE: HEAD with 0-byte payload
VERBOSE: received 192618496-byte response of content type application/octet-stream
VERBOSE: Testing Download File at https://download.microsoft.com/download/2/0/7/2073C22F-2F31-4F4A-8059-E54C91C564A9/SurfacePro3_Win10_15063_1802002_0.msi
VERBOSE: HEAD with 0-byte payload
VERBOSE: received 192933888-byte response of content type application/octet-stream
VERBOSE: Testing Download File at https://download.microsoft.com/download/2/0/7/2073C22F-2F31-4F4A-8059-E54C91C564A9/SurfacePro3_Win10_16299_1804002_2.msi
VERBOSE: HEAD with 0-byte payload
VERBOSE: received 190664704-byte response of content type application/octet-stream
VERBOSE: Testing Download File at https://download.microsoft.com/download/2/0/7/2073C22F-2F31-4F4A-8059-E54C91C564A9/SurfacePro3_Win10_1700802_1.msi
VERBOSE: HEAD with 0-byte payload
VERBOSE: received 254251008-byte response of content type application/octet-stream
VERBOSE: Testing Download File at https://download.microsoft.com/download/2/0/7/2073C22F-2F31-4F4A-8059-E54C91C564A9/SurfacePro3_Win10_17134_1902002_0.msi
VERBOSE: HEAD with 0-byte payload
VERBOSE: received 191881216-byte response of content type application/octet-stream
VERBOSE: Testing Download File at https://download.microsoft.com/download/2/0/7/2073C22F-2F31-4F4A-8059-E54C91C564A9/SurfacePro3_Win10_18362_1902002_0.msi
VERBOSE: HEAD with 0-byte payload
VERBOSE: received 191889408-byte response of content type application/octet-stream
VERBOSE: Processing Surface Pro 4
VERBOSE: GET with 0-byte payload
VERBOSE: received -1-byte response of content type text/html
VERBOSE: Testing Download File at https://download.microsoft.com/download/6/A/C/6ACB37C4-E4C1-4E0E-BBAE-AC7A0C303593/SurfacePro4_Win10_14393_1708001_0.msi
VERBOSE: HEAD with 0-byte payload
VERBOSE: received 255533056-byte response of content type application/octet-stream
VERBOSE: Testing Download File at https://download.microsoft.com/download/6/A/C/6ACB37C4-E4C1-4E0E-BBAE-AC7A0C303593/SurfacePro4_Win10_1701001_0.msi
VERBOSE: HEAD with 0-byte payload
VERBOSE: received 247070720-byte response of content type application/octet-stream
VERBOSE: Testing Download File at https://download.microsoft.com/download/6/A/C/6ACB37C4-E4C1-4E0E-BBAE-AC7A0C303593/SurfacePro4_Win10_17134_19.091.15065.0.msi
VERBOSE: HEAD with 0-byte payload
VERBOSE: received 358989824-byte response of content type application/octet-stream
VERBOSE: Testing Download File at https://download.microsoft.com/download/6/A/C/6ACB37C4-E4C1-4E0E-BBAE-AC7A0C303593/SurfacePro4_Win10_17763_20.034.43185.0.msi
VERBOSE: HEAD with 0-byte payload
VERBOSE: received 362721280-byte response of content type application/octet-stream
VERBOSE: Testing Download File at https://download.microsoft.com/download/6/A/C/6ACB37C4-E4C1-4E0E-BBAE-AC7A0C303593/SurfacePro4_Win10_18362_21.061.12819.0.msi
VERBOSE: HEAD with 0-byte payload
VERBOSE: received 366424064-byte response of content type application/octet-stream
VERBOSE: Processing Surface Pro (5th Gen)
VERBOSE: GET with 0-byte payload
VERBOSE: received -1-byte response of content type text/html
VERBOSE: Testing Download File at https://download.microsoft.com/download/4/C/7/4C7DA85D-03DE-4B89-B8E0-386437331C46/SurfacePro_Win10_17134_19.092.25297.0.msi
VERBOSE: HEAD with 0-byte payload
VERBOSE: received 569196544-byte response of content type application/octet-stream
VERBOSE: Testing Download File at https://download.microsoft.com/download/4/C/7/4C7DA85D-03DE-4B89-B8E0-386437331C46/SurfacePro_Win10_17763_20.072.21326.0.msi
VERBOSE: HEAD with 0-byte payload
VERBOSE: received 585203712-byte response of content type application/octet-stream
VERBOSE: Testing Download File at https://download.microsoft.com/download/4/C/7/4C7DA85D-03DE-4B89-B8E0-386437331C46/SurfacePro_Win10_18362_21.101.11488.0.msi
VERBOSE: HEAD with 0-byte payload
VERBOSE: received 576802816-byte response of content type application/octet-stream
VERBOSE: Testing Download File at https://download.microsoft.com/download/4/C/7/4C7DA85D-03DE-4B89-B8E0-386437331C46/SurfacePro_Win10_19041_22.020.4052.0.msi
VERBOSE: HEAD with 0-byte payload
VERBOSE: received 576815104-byte response of content type application/octet-stream
VERBOSE: Processing Surface Pro with LTE Advanced
VERBOSE: GET with 0-byte payload
VERBOSE: received -1-byte response of content type text/html
VERBOSE: Testing Download File at https://download.microsoft.com/download/4/1/6/416D7D4F-64D9-4633-A5CC-922A941854FD/SurfacePro_Win10_17134_19.092.25297.0.msi
VERBOSE: HEAD with 0-byte payload
VERBOSE: received 569196544-byte response of content type application/octet-stream
VERBOSE: Testing Download File at https://download.microsoft.com/download/4/1/6/416D7D4F-64D9-4633-A5CC-922A941854FD/SurfacePro_Win10_17763_20.072.21326.0.msi
VERBOSE: HEAD with 0-byte payload
VERBOSE: received 585203712-byte response of content type application/octet-stream
VERBOSE: Testing Download File at https://download.microsoft.com/download/4/1/6/416D7D4F-64D9-4633-A5CC-922A941854FD/SurfacePro_Win10_18362_21.101.11488.0.msi
VERBOSE: HEAD with 0-byte payload
VERBOSE: received 576802816-byte response of content type application/octet-stream
VERBOSE: Testing Download File at https://download.microsoft.com/download/4/1/6/416D7D4F-64D9-4633-A5CC-922A941854FD/SurfacePro_Win10_19041_22.020.4052.0.msi
VERBOSE: HEAD with 0-byte payload
VERBOSE: received 576815104-byte response of content type application/octet-stream
VERBOSE: Processing Surface Pro 6 Commercial
VERBOSE: GET with 0-byte payload
VERBOSE: received -1-byte response of content type text/html
VERBOSE: Testing Download File at https://download.microsoft.com/download/8/9/8/8986DE75-9E21-478A-B002-A7E92BA0F053/SurfacePro6_Win10_17134_19.092.25300.0.msi
VERBOSE: HEAD with 0-byte payload
VERBOSE: received 402157568-byte response of content type application/octet-stream
VERBOSE: Testing Download File at https://download.microsoft.com/download/8/9/8/8986DE75-9E21-478A-B002-A7E92BA0F053/SurfacePro6_Win10_17763_20.081.14036.0.msi
VERBOSE: HEAD with 0-byte payload
VERBOSE: received 410763264-byte response of content type application/octet-stream
VERBOSE: Testing Download File at https://download.microsoft.com/download/8/9/8/8986DE75-9E21-478A-B002-A7E92BA0F053/SurfacePro6_Win10_18362_21.101.14415.0.msi
VERBOSE: HEAD with 0-byte payload
VERBOSE: received 399757312-byte response of content type application/octet-stream
VERBOSE: Testing Download File at https://download.microsoft.com/download/8/9/8/8986DE75-9E21-478A-B002-A7E92BA0F053/SurfacePro6_Win10_19041_22.020.4173.0.msi
VERBOSE: HEAD with 0-byte payload
VERBOSE: received 399781888-byte response of content type application/octet-stream
VERBOSE: Processing Surface Pro 6 Consumer
VERBOSE: GET with 0-byte payload
VERBOSE: received -1-byte response of content type text/html
VERBOSE: Testing Download File at https://download.microsoft.com/download/8/9/8/8986DE75-9E21-478A-B002-A7E92BA0F053/SurfacePro6_Win10_17134_19.092.25300.0.msi
VERBOSE: HEAD with 0-byte payload
VERBOSE: received 402157568-byte response of content type application/octet-stream
VERBOSE: Testing Download File at https://download.microsoft.com/download/8/9/8/8986DE75-9E21-478A-B002-A7E92BA0F053/SurfacePro6_Win10_17763_20.081.14036.0.msi
VERBOSE: HEAD with 0-byte payload
VERBOSE: received 410763264-byte response of content type application/octet-stream
VERBOSE: Testing Download File at https://download.microsoft.com/download/8/9/8/8986DE75-9E21-478A-B002-A7E92BA0F053/SurfacePro6_Win10_18362_21.101.14415.0.msi
VERBOSE: HEAD with 0-byte payload
VERBOSE: received 399757312-byte response of content type application/octet-stream
VERBOSE: Testing Download File at https://download.microsoft.com/download/8/9/8/8986DE75-9E21-478A-B002-A7E92BA0F053/SurfacePro6_Win10_19041_22.020.4173.0.msi
VERBOSE: HEAD with 0-byte payload
VERBOSE: received 399781888-byte response of content type application/octet-stream
VERBOSE: Processing Surface Pro 7
VERBOSE: GET with 0-byte payload
VERBOSE: received -1-byte response of content type text/html
VERBOSE: Testing Download File at https://download.microsoft.com/download/0/8/b/08b0f0ba-1571-41c0-9b8a-9af8a43681ae/SurfacePro7_Win10_17763_20.020.2886.0.msi
VERBOSE: HEAD with 0-byte payload
VERBOSE: received 545521664-byte response of content type application/octet-stream
VERBOSE: Testing Download File at https://download.microsoft.com/download/0/8/b/08b0f0ba-1571-41c0-9b8a-9af8a43681ae/SurfacePro7_Win10_18362_21.092.23703.0.msi
VERBOSE: HEAD with 0-byte payload
VERBOSE: received 688635904-byte response of content type application/octet-stream
VERBOSE: Testing Download File at https://download.microsoft.com/download/0/8/b/08b0f0ba-1571-41c0-9b8a-9af8a43681ae/SurfacePro7_Win10_19041_22.032.19761.0.msi
VERBOSE: HEAD with 0-byte payload
VERBOSE: received 689561600-byte response of content type application/octet-stream
VERBOSE: Testing Download File at https://download.microsoft.com/download/0/8/b/08b0f0ba-1571-41c0-9b8a-9af8a43681ae/SurfacePro7_Win11_22000_22.032.19761.0.msi
VERBOSE: HEAD with 0-byte payload
VERBOSE: received 689688576-byte response of content type application/octet-stream
VERBOSE: Processing Surface Pro 7+
VERBOSE: GET with 0-byte payload
VERBOSE: received -1-byte response of content type text/html
VERBOSE: Testing Download File at https://download.microsoft.com/download/1/b/4/1b4bdd09-a704-4bf5-bed6-6693a0ac848a/SurfacePro7+_Win10_18363_22.032.21313.0.msi
VERBOSE: HEAD with 0-byte payload
VERBOSE: received 793001984-byte response of content type application/octet-stream
VERBOSE: Testing Download File at https://download.microsoft.com/download/1/b/4/1b4bdd09-a704-4bf5-bed6-6693a0ac848a/SurfacePro7+_Win11_22000_22.032.21313.0.msi
VERBOSE: HEAD with 0-byte payload
VERBOSE: received 793047040-byte response of content type application/octet-stream
VERBOSE: Processing Surface Pro 7+ LTE
VERBOSE: GET with 0-byte payload
VERBOSE: received -1-byte response of content type text/html
VERBOSE: Testing Download File at https://download.microsoft.com/download/1/b/4/1b4bdd09-a704-4bf5-bed6-6693a0ac848a/SurfacePro7+_Win10_18363_22.032.21313.0.msi
VERBOSE: HEAD with 0-byte payload
VERBOSE: received 793001984-byte response of content type application/octet-stream
VERBOSE: Testing Download File at https://download.microsoft.com/download/1/b/4/1b4bdd09-a704-4bf5-bed6-6693a0ac848a/SurfacePro7+_Win11_22000_22.032.21313.0.msi
VERBOSE: HEAD with 0-byte payload
VERBOSE: received 793047040-byte response of content type application/octet-stream
VERBOSE: Processing Surface Pro 8
VERBOSE: GET with 0-byte payload
VERBOSE: received -1-byte response of content type text/html
VERBOSE: Testing Download File at https://download.microsoft.com/download/9/1/3/9133dbd3-799a-4766-bb9e-f67697159c02/SurfacePro8_Win10_19042_22.011.9738.0.msi
VERBOSE: HEAD with 0-byte payload
VERBOSE: received 779796480-byte response of content type application/octet-stream
VERBOSE: Testing Download File at https://download.microsoft.com/download/9/1/3/9133dbd3-799a-4766-bb9e-f67697159c02/SurfacePro8_Win11_22000_22.011.9739.0.msi
VERBOSE: HEAD with 0-byte payload
VERBOSE: received 779796480-byte response of content type application/octet-stream
VERBOSE: Processing Surface Pro 8 Consumer
VERBOSE: GET with 0-byte payload
VERBOSE: received -1-byte response of content type text/html
VERBOSE: Testing Download File at https://download.microsoft.com/download/9/1/3/9133dbd3-799a-4766-bb9e-f67697159c02/SurfacePro8_Win10_19042_22.011.9738.0.msi
VERBOSE: HEAD with 0-byte payload
VERBOSE: received 779796480-byte response of content type application/octet-stream
VERBOSE: Testing Download File at https://download.microsoft.com/download/9/1/3/9133dbd3-799a-4766-bb9e-f67697159c02/SurfacePro8_Win11_22000_22.011.9739.0.msi
VERBOSE: HEAD with 0-byte payload
VERBOSE: received 779796480-byte response of content type application/octet-stream
VERBOSE: Processing Surface Pro 8 LTE
VERBOSE: GET with 0-byte payload
VERBOSE: received -1-byte response of content type text/html
VERBOSE: Testing Download File at https://download.microsoft.com/download/9/1/3/9133dbd3-799a-4766-bb9e-f67697159c02/SurfacePro8_Win10_19042_22.011.9738.0.msi
VERBOSE: HEAD with 0-byte payload
VERBOSE: received 779796480-byte response of content type application/octet-stream
VERBOSE: Testing Download File at https://download.microsoft.com/download/9/1/3/9133dbd3-799a-4766-bb9e-f67697159c02/SurfacePro8_Win11_22000_22.011.9739.0.msi
VERBOSE: HEAD with 0-byte payload
VERBOSE: received 779796480-byte response of content type application/octet-stream
VERBOSE: Processing Surface Studio
VERBOSE: GET with 0-byte payload
VERBOSE: received -1-byte response of content type text/html
VERBOSE: Testing Download File at https://download.microsoft.com/download/4/5/2/452A1A18-1584-423C-A2D0-D76249EA989A/SurfaceStudio_Win10_17134_19.082.19414.0.msi
VERBOSE: HEAD with 0-byte payload
VERBOSE: received 654430208-byte response of content type application/octet-stream
VERBOSE: Testing Download File at https://download.microsoft.com/download/4/5/2/452A1A18-1584-423C-A2D0-D76249EA989A/SurfaceStudio_Win10_17763_20.051.11086.0.msi
VERBOSE: HEAD with 0-byte payload
VERBOSE: received 658022400-byte response of content type application/octet-stream
VERBOSE: Testing Download File at https://download.microsoft.com/download/4/5/2/452A1A18-1584-423C-A2D0-D76249EA989A/SurfaceStudio_Win10_19041_21.093.33210.0.msi
VERBOSE: HEAD with 0-byte payload
VERBOSE: received 729686016-byte response of content type application/octet-stream
VERBOSE: Processing Surface Studio 2
VERBOSE: GET with 0-byte payload
VERBOSE: received -1-byte response of content type text/html
VERBOSE: Testing Download File at https://download.microsoft.com/download/2/E/A/2EA15C93-3AEE-4627-A6B9-B2906A1AD192/SurfaceStudio2_Win10_17134_19.082.19473.0.msi
VERBOSE: HEAD with 0-byte payload
VERBOSE: received 511328256-byte response of content type application/octet-stream
VERBOSE: Testing Download File at https://download.microsoft.com/download/2/E/A/2EA15C93-3AEE-4627-A6B9-B2906A1AD192/SurfaceStudio2_Win10_17763_20.052.18796.0.msi
VERBOSE: HEAD with 0-byte payload
VERBOSE: received 515227648-byte response of content type application/octet-stream
VERBOSE: Testing Download File at https://download.microsoft.com/download/2/E/A/2EA15C93-3AEE-4627-A6B9-B2906A1AD192/SurfaceStudio2_Win10_18362_21.111.6920.0.msi
VERBOSE: HEAD with 0-byte payload
VERBOSE: received 656015360-byte response of content type application/octet-stream
VERBOSE: Testing Download File at https://download.microsoft.com/download/2/E/A/2EA15C93-3AEE-4627-A6B9-B2906A1AD192/SurfaceStudio2_Win10_19041_22.020.2939.0.msi
VERBOSE: HEAD with 0-byte payload
VERBOSE: received 656039936-byte response of content type application/octet-stream
VERBOSE: Importing the Build Catalog at C:\Users\David\AppData\Local\Temp\OSD\OSDCatalogMicrosoftDriverPack.json
**********************
Windows PowerShell transcript end
End time: 20220521231357
**********************
